<?xml version="1.0" encoding="UTF-8"?>
<testng-results skipped="0" failed="0" total="1" passed="1">
  <reporter-output>
  </reporter-output>
  <suite name="Default suite" duration-ms="7313" started-at="2018-10-15T07:12:43Z" finished-at="2018-10-15T07:12:50Z">
    <groups>
    </groups>
    <test name="Default test" duration-ms="7313" started-at="2018-10-15T07:12:43Z" finished-at="2018-10-15T07:12:50Z">
      <class name="testng.NewTest3">
        <test-method status="PASS" signature="beforeClass()[pri:0, instance:testng.NewTest3@22491a97]" name="beforeClass" is-config="true" duration-ms="0" started-at="2018-10-15T15:12:43Z" finished-at="2018-10-15T15:12:43Z">
          <reporter-output>
          </reporter-output>
        </test-method> <!-- beforeClass -->
        <test-method status="PASS" signature="beforeMethod()[pri:0, instance:testng.NewTest3@22491a97]" name="beforeMethod" is-config="true" duration-ms="4473" started-at="2018-10-15T15:12:43Z" finished-at="2018-10-15T15:12:47Z">
          <reporter-output>
          </reporter-output>
        </test-method> <!-- beforeMethod -->
        <test-method status="PASS" signature="f()[pri:0, instance:testng.NewTest3@22491a97]" name="f" duration-ms="2603" started-at="2018-10-15T15:12:47Z" finished-at="2018-10-15T15:12:50Z">
          <reporter-output>
          </reporter-output>
        </test-method> <!-- f -->
        <test-method status="PASS" signature="afterMethod()[pri:0, instance:testng.NewTest3@22491a97]" name="afterMethod" is-config="true" duration-ms="222" started-at="2018-10-15T15:12:50Z" finished-at="2018-10-15T15:12:50Z">
          <reporter-output>
          </reporter-output>
        </test-method> <!-- afterMethod -->
        <test-method status="PASS" signature="afterClass()[pri:0, instance:testng.NewTest3@22491a97]" name="afterClass" is-config="true" duration-ms="0" started-at="2018-10-15T15:12:50Z" finished-at="2018-10-15T15:12:50Z">
          <reporter-output>
          </reporter-output>
        </test-method> <!-- afterClass -->
      </class> <!-- testng.NewTest3 -->
    </test> <!-- Default test -->
  </suite> <!-- Default suite -->
</testng-results>
